<?xml version="1.0" encoding="UTF-8"?>
<!-- Generated by org.testng.reporters.JUnitReportReporter -->
<testsuite skipped="0" hostname="DESKTOP-CPVMOC0" name="restAssrd.RestAssuredJSON3" tests="1" failures="0" timestamp="24 Jun 2018 17:55:30 GMT" time="4.957" errors="0">
  <testcase name="getSimple" time="4.957" classname="restAssrd.RestAssuredJSON3"/>
</testsuite> <!-- restAssrd.RestAssuredJSON3 -->
