<?xml version="1.0" encoding="UTF-8"?>
<!-- Generated by org.testng.reporters.JUnitReportReporter -->
<testsuite skipped="0" hostname="DESKTOP-CPVMOC0" name="restAssrd.RestAssuredJSON5POST" tests="1" failures="0" timestamp="25 Jun 2018 12:24:22 GMT" time="3.794" errors="0">
  <testcase name="getSimple" time="3.794" classname="restAssrd.RestAssuredJSON5POST"/>
</testsuite> <!-- restAssrd.RestAssuredJSON5POST -->
