<?xml version="1.0" encoding="UTF-8"?>
<!-- Generated by org.testng.reporters.JUnitReportReporter -->
<testsuite skipped="0" hostname="DESKTOP-CPVMOC0" name="restAssrd.RestAssuredJSON3GET" tests="1" failures="0" timestamp="25 Jun 2018 12:56:30 GMT" time="0.888" errors="0">
  <testcase name="getSimple" time="0.888" classname="restAssrd.RestAssuredJSON3GET"/>
</testsuite> <!-- restAssrd.RestAssuredJSON3GET -->
