<?xml version="1.0" encoding="UTF-8"?>
<!-- Generated by org.testng.reporters.JUnitReportReporter -->
<testsuite skipped="0" hostname="DESKTOP-CPVMOC0" name="restAssrd.RestAssuredJSON6PUT" tests="1" failures="0" timestamp="25 Jun 2018 12:33:23 GMT" time="2.976" errors="0">
  <testcase name="getSimple" time="2.976" classname="restAssrd.RestAssuredJSON6PUT"/>
</testsuite> <!-- restAssrd.RestAssuredJSON6PUT -->
