<?xml version="1.0" encoding="UTF-8"?>
<!-- Generated by org.testng.reporters.JUnitReportReporter -->
<testsuite skipped="0" hostname="DESKTOP-CPVMOC0" name="restAssrd.RestAssuredTest" tests="1" failures="0" timestamp="23 Jun 2018 12:55:12 GMT" time="3.409" errors="0">
  <testcase name="getSimple" time="3.409" classname="restAssrd.RestAssuredTest"/>
</testsuite> <!-- restAssrd.RestAssuredTest -->
