<?xml version="1.0" encoding="UTF-8"?>
<!-- Generated by org.testng.reporters.JUnitReportReporter -->
<testsuite skipped="0" hostname="DESKTOP-CPVMOC0" name="restAssrd.RestAssuredXML" tests="1" failures="0" timestamp="24 Jun 2018 17:55:44 GMT" time="5.096" errors="0">
  <testcase name="getXMLSimple" time="5.096" classname="restAssrd.RestAssuredXML"/>
</testsuite> <!-- restAssrd.RestAssuredXML -->
