<?xml version="1.0" encoding="UTF-8"?>
<!-- Generated by org.testng.reporters.JUnitReportReporter -->
<testsuite skipped="0" hostname="DESKTOP-CPVMOC0" name="restAssrd.RestAssuredXML2" tests="1" failures="0" timestamp="24 Jun 2018 17:55:57 GMT" time="8.168" errors="0">
  <testcase name="getXMLSimple" time="8.168" classname="restAssrd.RestAssuredXML2"/>
</testsuite> <!-- restAssrd.RestAssuredXML2 -->
